\BOOKMARK [0][-]{chapter.1}{\376\377\000F\000e\000a\000t\000u\000r\000e\000s}{}% 1
\BOOKMARK [0][-]{chapter.2}{\376\377\000I\000n\000s\000t\000a\000l\000l\000i\000n\000g\000\040\000b\000i\000r\000d\000e\000a\000r\000s}{}% 2
\BOOKMARK [1][-]{section.2.1}{\376\377\000I\000n\000s\000t\000a\000l\000l\000i\000n\000g\000\040\000t\000h\000e\000\040\000d\000e\000p\000e\000n\000d\000e\000n\000c\000i\000e\000s}{chapter.2}% 3
\BOOKMARK [2][-]{subsection.2.1.1}{\376\377\000A\000r\000c\000h\000\040\000L\000i\000n\000u\000x}{section.2.1}% 4
\BOOKMARK [1][-]{section.2.2}{\376\377\000I\000n\000s\000t\000a\000l\000l\000i\000n\000g\000\040\000b\000i\000r\000d\000e\000a\000r\000s}{chapter.2}% 5
\BOOKMARK [2][-]{subsection.2.2.1}{\376\377\000I\000n\000-\000d\000e\000p\000t\000h\000\040\000i\000n\000s\000t\000a\000l\000l\000a\000t\000i\000o\000n}{section.2.2}% 6
\BOOKMARK [0][-]{chapter.3}{\376\377\000U\000s\000i\000n\000g\000\040\000b\000i\000r\000d\000e\000a\000r\000s}{}% 7
\BOOKMARK [1][-]{section.3.1}{\376\377\000W\000h\000a\000t\000\040\000i\000s\000\040\000F\000u\000n\000c\000t\000i\000o\000n\000a\000l\000\040\000E\000a\000r\000\040\000T\000r\000a\000i\000n\000i\000n\000g}{chapter.3}% 8
\BOOKMARK [1][-]{section.3.2}{\376\377\000T\000h\000e\000\040\000m\000e\000t\000h\000o\000d}{chapter.3}% 9
\BOOKMARK [1][-]{section.3.3}{\376\377\000b\000i\000r\000d\000e\000a\000r\000s\000\040\000m\000o\000d\000e\000s\000\040\000a\000n\000d\000\040\000b\000a\000s\000i\000c\000\040\000u\000s\000a\000g\000e}{chapter.3}% 10
\BOOKMARK [2][-]{subsection.3.3.1}{\376\377\000m\000e\000l\000o\000d\000i\000c}{section.3.3}% 11
\BOOKMARK [2][-]{subsection.3.3.2}{\376\377\000h\000a\000r\000m\000o\000n\000i\000c}{section.3.3}% 12
\BOOKMARK [2][-]{subsection.3.3.3}{\376\377\000d\000i\000c\000t\000a\000t\000i\000o\000n}{section.3.3}% 13
\BOOKMARK [2][-]{subsection.3.3.4}{\376\377\000i\000n\000s\000t\000r\000u\000m\000e\000n\000t\000a\000l}{section.3.3}% 14
\BOOKMARK [1][-]{section.3.4}{\376\377\000L\000o\000a\000d\000i\000n\000g\000\040\000f\000r\000o\000m\000\040\000c\000o\000n\000f\000i\000g\000/\000p\000r\000e\000s\000e\000t\000\040\000f\000i\000l\000e\000s}{chapter.3}% 15
\BOOKMARK [2][-]{subsection.3.4.1}{\376\377\000P\000r\000e\000-\000m\000a\000d\000e\000\040\000p\000r\000e\000s\000e\000t\000s}{section.3.4}% 16
\BOOKMARK [2][-]{subsection.3.4.2}{\376\377\000C\000r\000e\000a\000t\000i\000n\000g\000\040\000n\000e\000w\000\040\000p\000r\000e\000s\000e\000t\000\040\000f\000i\000l\000e\000s}{section.3.4}% 17
\BOOKMARK [1][-]{section.3.5}{\376\377\000K\000e\000y\000b\000i\000n\000d\000i\000n\000g\000s}{chapter.3}% 18
\BOOKMARK [2][-]{subsection.3.5.1}{\376\377\000O\000n\000\040\000t\000h\000e\000\040\000k\000e\000y\000b\000i\000n\000d\000i\000n\000g\000s}{section.3.5}% 19
\BOOKMARK [2][-]{subsection.3.5.2}{\376\377\000M\000a\000j\000o\000r\000\040\000\050\000I\000o\000n\000i\000a\000n\000\051}{section.3.5}% 20
\BOOKMARK [2][-]{subsection.3.5.3}{\376\377\000D\000o\000r\000i\000a\000n}{section.3.5}% 21
\BOOKMARK [2][-]{subsection.3.5.4}{\376\377\000P\000h\000r\000y\000g\000i\000a\000n}{section.3.5}% 22
\BOOKMARK [2][-]{subsection.3.5.5}{\376\377\000L\000y\000d\000i\000a\000n}{section.3.5}% 23
\BOOKMARK [2][-]{subsection.3.5.6}{\376\377\000M\000i\000x\000o\000l\000y\000d\000i\000a\000n}{section.3.5}% 24
\BOOKMARK [2][-]{subsection.3.5.7}{\376\377\000M\000i\000n\000o\000r\000\040\000\050\000A\000e\000o\000l\000i\000a\000n\000\051}{section.3.5}% 25
\BOOKMARK [2][-]{subsection.3.5.8}{\376\377\000L\000o\000c\000r\000i\000a\000n}{section.3.5}% 26
\BOOKMARK [0][-]{chapter.4}{\376\377\000b\000i\000r\000d\000e\000a\000r\000s\000\040\000p\000a\000c\000k\000a\000g\000e}{}% 27
\BOOKMARK [1][-]{section.4.1}{\376\377\000S\000u\000b\000p\000a\000c\000k\000a\000g\000e\000s}{chapter.4}% 28
\BOOKMARK [2][-]{subsection.4.1.1}{\376\377\000b\000i\000r\000d\000e\000a\000r\000s\000.\000i\000n\000t\000e\000r\000f\000a\000c\000e\000s\000\040\000p\000a\000c\000k\000a\000g\000e}{section.4.1}% 29
\BOOKMARK [2][-]{subsection.4.1.2}{\376\377\000b\000i\000r\000d\000e\000a\000r\000s\000.\000q\000u\000e\000s\000t\000i\000o\000n\000s\000\040\000p\000a\000c\000k\000a\000g\000e}{section.4.1}% 30
\BOOKMARK [1][-]{section.4.2}{\376\377\000S\000u\000b\000m\000o\000d\000u\000l\000e\000s}{chapter.4}% 31
\BOOKMARK [1][-]{section.4.3}{\376\377\000b\000i\000r\000d\000e\000a\000r\000s\000.\000i\000n\000t\000e\000r\000v\000a\000l\000\040\000m\000o\000d\000u\000l\000e}{chapter.4}% 32
\BOOKMARK [1][-]{section.4.4}{\376\377\000b\000i\000r\000d\000e\000a\000r\000s\000.\000l\000o\000g\000g\000e\000r\000\040\000m\000o\000d\000u\000l\000e}{chapter.4}% 33
\BOOKMARK [1][-]{section.4.5}{\376\377\000b\000i\000r\000d\000e\000a\000r\000s\000.\000p\000r\000e\000q\000u\000e\000s\000t\000i\000o\000n\000\040\000m\000o\000d\000u\000l\000e}{chapter.4}% 34
\BOOKMARK [1][-]{section.4.6}{\376\377\000b\000i\000r\000d\000e\000a\000r\000s\000.\000q\000u\000e\000s\000t\000i\000o\000n\000b\000a\000s\000e\000\040\000m\000o\000d\000u\000l\000e}{chapter.4}% 35
\BOOKMARK [1][-]{section.4.7}{\376\377\000b\000i\000r\000d\000e\000a\000r\000s\000.\000r\000e\000s\000o\000l\000u\000t\000i\000o\000n\000\040\000m\000o\000d\000u\000l\000e}{chapter.4}% 36
\BOOKMARK [1][-]{section.4.8}{\376\377\000b\000i\000r\000d\000e\000a\000r\000s\000.\000s\000c\000a\000l\000e\000\040\000m\000o\000d\000u\000l\000e}{chapter.4}% 37
\BOOKMARK [1][-]{section.4.9}{\376\377\000b\000i\000r\000d\000e\000a\000r\000s\000.\000s\000e\000q\000u\000e\000n\000c\000e\000\040\000m\000o\000d\000u\000l\000e}{chapter.4}% 38
\BOOKMARK [0][-]{chapter.5}{\376\377\000F\000e\000a\000t\000u\000r\000e\000s}{}% 39
\BOOKMARK [0][-]{chapter.6}{\376\377\000I\000n\000s\000t\000a\000l\000l\000i\000n\000g\000\040\000b\000i\000r\000d\000e\000a\000r\000s}{}% 40
\BOOKMARK [1][-]{section.6.1}{\376\377\000I\000n\000s\000t\000a\000l\000l\000i\000n\000g\000\040\000t\000h\000e\000\040\000d\000e\000p\000e\000n\000d\000e\000n\000c\000i\000e\000s}{chapter.6}% 41
\BOOKMARK [2][-]{subsection.6.1.1}{\376\377\000A\000r\000c\000h\000\040\000L\000i\000n\000u\000x}{section.6.1}% 42
\BOOKMARK [1][-]{section.6.2}{\376\377\000I\000n\000s\000t\000a\000l\000l\000i\000n\000g\000\040\000b\000i\000r\000d\000e\000a\000r\000s}{chapter.6}% 43
\BOOKMARK [2][-]{subsection.6.2.1}{\376\377\000I\000n\000-\000d\000e\000p\000t\000h\000\040\000i\000n\000s\000t\000a\000l\000l\000a\000t\000i\000o\000n}{section.6.2}% 44
\BOOKMARK [0][-]{chapter.7}{\376\377\000U\000s\000i\000n\000g\000\040\000b\000i\000r\000d\000e\000a\000r\000s}{}% 45
\BOOKMARK [1][-]{section.7.1}{\376\377\000W\000h\000a\000t\000\040\000i\000s\000\040\000F\000u\000n\000c\000t\000i\000o\000n\000a\000l\000\040\000E\000a\000r\000\040\000T\000r\000a\000i\000n\000i\000n\000g}{chapter.7}% 46
\BOOKMARK [1][-]{section.7.2}{\376\377\000T\000h\000e\000\040\000m\000e\000t\000h\000o\000d}{chapter.7}% 47
\BOOKMARK [1][-]{section.7.3}{\376\377\000b\000i\000r\000d\000e\000a\000r\000s\000\040\000m\000o\000d\000e\000s\000\040\000a\000n\000d\000\040\000b\000a\000s\000i\000c\000\040\000u\000s\000a\000g\000e}{chapter.7}% 48
\BOOKMARK [2][-]{subsection.7.3.1}{\376\377\000m\000e\000l\000o\000d\000i\000c}{section.7.3}% 49
\BOOKMARK [2][-]{subsection.7.3.2}{\376\377\000h\000a\000r\000m\000o\000n\000i\000c}{section.7.3}% 50
\BOOKMARK [2][-]{subsection.7.3.3}{\376\377\000d\000i\000c\000t\000a\000t\000i\000o\000n}{section.7.3}% 51
\BOOKMARK [2][-]{subsection.7.3.4}{\376\377\000i\000n\000s\000t\000r\000u\000m\000e\000n\000t\000a\000l}{section.7.3}% 52
\BOOKMARK [1][-]{section.7.4}{\376\377\000L\000o\000a\000d\000i\000n\000g\000\040\000f\000r\000o\000m\000\040\000c\000o\000n\000f\000i\000g\000/\000p\000r\000e\000s\000e\000t\000\040\000f\000i\000l\000e\000s}{chapter.7}% 53
\BOOKMARK [2][-]{subsection.7.4.1}{\376\377\000P\000r\000e\000-\000m\000a\000d\000e\000\040\000p\000r\000e\000s\000e\000t\000s}{section.7.4}% 54
\BOOKMARK [2][-]{subsection.7.4.2}{\376\377\000C\000r\000e\000a\000t\000i\000n\000g\000\040\000n\000e\000w\000\040\000p\000r\000e\000s\000e\000t\000\040\000f\000i\000l\000e\000s}{section.7.4}% 55
\BOOKMARK [1][-]{section.7.5}{\376\377\000K\000e\000y\000b\000i\000n\000d\000i\000n\000g\000s}{chapter.7}% 56
\BOOKMARK [2][-]{subsection.7.5.1}{\376\377\000O\000n\000\040\000t\000h\000e\000\040\000k\000e\000y\000b\000i\000n\000d\000i\000n\000g\000s}{section.7.5}% 57
\BOOKMARK [2][-]{subsection.7.5.2}{\376\377\000M\000a\000j\000o\000r\000\040\000\050\000I\000o\000n\000i\000a\000n\000\051}{section.7.5}% 58
\BOOKMARK [2][-]{subsection.7.5.3}{\376\377\000D\000o\000r\000i\000a\000n}{section.7.5}% 59
\BOOKMARK [2][-]{subsection.7.5.4}{\376\377\000P\000h\000r\000y\000g\000i\000a\000n}{section.7.5}% 60
\BOOKMARK [2][-]{subsection.7.5.5}{\376\377\000L\000y\000d\000i\000a\000n}{section.7.5}% 61
\BOOKMARK [2][-]{subsection.7.5.6}{\376\377\000M\000i\000x\000o\000l\000y\000d\000i\000a\000n}{section.7.5}% 62
\BOOKMARK [2][-]{subsection.7.5.7}{\376\377\000M\000i\000n\000o\000r\000\040\000\050\000A\000e\000o\000l\000i\000a\000n\000\051}{section.7.5}% 63
\BOOKMARK [2][-]{subsection.7.5.8}{\376\377\000L\000o\000c\000r\000i\000a\000n}{section.7.5}% 64
\BOOKMARK [0][-]{chapter.8}{\376\377\000A\000P\000I}{}% 65
\BOOKMARK [0][-]{chapter.9}{\376\377\000b\000i\000r\000d\000e\000a\000r\000s\000\040\000p\000a\000c\000k\000a\000g\000e}{}% 66
\BOOKMARK [1][-]{section.9.1}{\376\377\000S\000u\000b\000p\000a\000c\000k\000a\000g\000e\000s}{chapter.9}% 67
\BOOKMARK [1][-]{section.9.2}{\376\377\000S\000u\000b\000m\000o\000d\000u\000l\000e\000s}{chapter.9}% 68
\BOOKMARK [1][-]{section.9.3}{\376\377\000b\000i\000r\000d\000e\000a\000r\000s\000.\000i\000n\000t\000e\000r\000v\000a\000l\000\040\000m\000o\000d\000u\000l\000e}{chapter.9}% 69
\BOOKMARK [1][-]{section.9.4}{\376\377\000b\000i\000r\000d\000e\000a\000r\000s\000.\000l\000o\000g\000g\000e\000r\000\040\000m\000o\000d\000u\000l\000e}{chapter.9}% 70
\BOOKMARK [1][-]{section.9.5}{\376\377\000b\000i\000r\000d\000e\000a\000r\000s\000.\000p\000r\000e\000q\000u\000e\000s\000t\000i\000o\000n\000\040\000m\000o\000d\000u\000l\000e}{chapter.9}% 71
\BOOKMARK [1][-]{section.9.6}{\376\377\000b\000i\000r\000d\000e\000a\000r\000s\000.\000q\000u\000e\000s\000t\000i\000o\000n\000b\000a\000s\000e\000\040\000m\000o\000d\000u\000l\000e}{chapter.9}% 72
\BOOKMARK [1][-]{section.9.7}{\376\377\000b\000i\000r\000d\000e\000a\000r\000s\000.\000r\000e\000s\000o\000l\000u\000t\000i\000o\000n\000\040\000m\000o\000d\000u\000l\000e}{chapter.9}% 73
\BOOKMARK [1][-]{section.9.8}{\376\377\000b\000i\000r\000d\000e\000a\000r\000s\000.\000s\000c\000a\000l\000e\000\040\000m\000o\000d\000u\000l\000e}{chapter.9}% 74
\BOOKMARK [1][-]{section.9.9}{\376\377\000b\000i\000r\000d\000e\000a\000r\000s\000.\000s\000e\000q\000u\000e\000n\000c\000e\000\040\000m\000o\000d\000u\000l\000e}{chapter.9}% 75
\BOOKMARK [0][-]{chapter.10}{\376\377\000b\000i\000r\000d\000e\000a\000r\000s\000.\000q\000u\000e\000s\000t\000i\000o\000n\000s\000\040\000p\000a\000c\000k\000a\000g\000e}{}% 76
\BOOKMARK [1][-]{section.10.1}{\376\377\000S\000u\000b\000m\000o\000d\000u\000l\000e\000s}{chapter.10}% 77
\BOOKMARK [1][-]{section.10.2}{\376\377\000b\000i\000r\000d\000e\000a\000r\000s\000.\000q\000u\000e\000s\000t\000i\000o\000n\000s\000.\000h\000a\000r\000m\000o\000n\000i\000c\000i\000n\000t\000e\000r\000v\000a\000l\000\040\000m\000o\000d\000u\000l\000e}{chapter.10}% 78
\BOOKMARK [1][-]{section.10.3}{\376\377\000b\000i\000r\000d\000e\000a\000r\000s\000.\000q\000u\000e\000s\000t\000i\000o\000n\000s\000.\000i\000n\000s\000t\000r\000u\000m\000e\000n\000t\000a\000l\000d\000i\000c\000t\000a\000t\000i\000o\000n\000\040\000m\000o\000d\000u\000l\000e}{chapter.10}% 79
\BOOKMARK [1][-]{section.10.4}{\376\377\000b\000i\000r\000d\000e\000a\000r\000s\000.\000q\000u\000e\000s\000t\000i\000o\000n\000s\000.\000m\000e\000l\000o\000d\000i\000c\000d\000i\000c\000t\000a\000t\000i\000o\000n\000\040\000m\000o\000d\000u\000l\000e}{chapter.10}% 80
\BOOKMARK [1][-]{section.10.5}{\376\377\000b\000i\000r\000d\000e\000a\000r\000s\000.\000q\000u\000e\000s\000t\000i\000o\000n\000s\000.\000m\000e\000l\000o\000d\000i\000c\000i\000n\000t\000e\000r\000v\000a\000l\000\040\000m\000o\000d\000u\000l\000e}{chapter.10}% 81
\BOOKMARK [0][-]{chapter.11}{\376\377\000b\000i\000r\000d\000e\000a\000r\000s\000.\000i\000n\000t\000e\000r\000f\000a\000c\000e\000s\000\040\000p\000a\000c\000k\000a\000g\000e}{}% 82
\BOOKMARK [1][-]{section.11.1}{\376\377\000S\000u\000b\000m\000o\000d\000u\000l\000e\000s}{chapter.11}% 83
\BOOKMARK [1][-]{section.11.2}{\376\377\000b\000i\000r\000d\000e\000a\000r\000s\000.\000i\000n\000t\000e\000r\000f\000a\000c\000e\000s\000.\000c\000o\000m\000m\000a\000n\000d\000l\000i\000n\000e\000\040\000m\000o\000d\000u\000l\000e}{chapter.11}% 84
\BOOKMARK [0][-]{section*.233}{\376\377\000P\000y\000t\000h\000o\000n\000\040\000M\000o\000d\000u\000l\000e\000\040\000I\000n\000d\000e\000x}{}% 85
\BOOKMARK [0][-]{section*.234}{\376\377\000I\000n\000d\000e\000x}{}% 86
